Defaulting to user installation because normal site-packages is not writeable
Requirement already satisfied: peft==0.7.1 in /home/scur2847/.local/lib/python3.11/site-packages (from -r requirement.txt (line 1)) (0.7.1)
Requirement already satisfied: transformers==4.36.2 in /home/scur2847/.local/lib/python3.11/site-packages (from -r requirement.txt (line 2)) (4.36.2)
Requirement already satisfied: traker[fast]==0.1.3 in /home/scur2847/.local/lib/python3.11/site-packages (from -r requirement.txt (line 3)) (0.1.3)
Requirement already satisfied: datasets in /home/scur2847/.local/lib/python3.11/site-packages (from -r requirement.txt (line 4)) (3.1.0)
Requirement already satisfied: torchvision in /home/scur2847/.local/lib/python3.11/site-packages (from -r requirement.txt (line 5)) (0.20.1)
Requirement already satisfied: torchaudio in /home/scur2847/.local/lib/python3.11/site-packages (from -r requirement.txt (line 6)) (2.5.1)
Requirement already satisfied: accelerate==0.34.2 in /home/scur2847/.local/lib/python3.11/site-packages (from -r requirement.txt (line 7)) (0.34.2)
Requirement already satisfied: wandb in /home/scur2847/.local/lib/python3.11/site-packages (from -r requirement.txt (line 8)) (0.18.6)
Requirement already satisfied: numpy>=1.17 in /sw/arch/RHEL8/EB_production/2023/software/SciPy-bundle/2023.07-gfbf-2023a/lib/python3.11/site-packages (from peft==0.7.1->-r requirement.txt (line 1)) (1.25.1)
Requirement already satisfied: packaging>=20.0 in /sw/arch/RHEL8/EB_production/2023/software/Python-bundle-PyPI/2023.06-GCCcore-12.3.0/lib/python3.11/site-packages (from peft==0.7.1->-r requirement.txt (line 1)) (23.1)
Requirement already satisfied: psutil in /sw/arch/RHEL8/EB_production/2023/software/Python-bundle-PyPI/2023.06-GCCcore-12.3.0/lib/python3.11/site-packages (from peft==0.7.1->-r requirement.txt (line 1)) (5.9.5)
Requirement already satisfied: pyyaml in /sw/arch/RHEL8/EB_production/2023/software/PyYAML/6.0-GCCcore-12.3.0/lib/python3.11/site-packages (from peft==0.7.1->-r requirement.txt (line 1)) (6.0)
Requirement already satisfied: torch>=1.13.0 in /sw/arch/RHEL8/EB_production/2023/software/PyTorch/2.1.2-foss-2023a-CUDA-12.1.1/lib/python3.11/site-packages (from peft==0.7.1->-r requirement.txt (line 1)) (2.1.2)
Requirement already satisfied: tqdm in /home/scur2847/.local/lib/python3.11/site-packages (from peft==0.7.1->-r requirement.txt (line 1)) (4.67.0)
Requirement already satisfied: safetensors in /home/scur2847/.local/lib/python3.11/site-packages (from peft==0.7.1->-r requirement.txt (line 1)) (0.4.5)
Requirement already satisfied: huggingface-hub>=0.17.0 in /home/scur2847/.local/lib/python3.11/site-packages (from peft==0.7.1->-r requirement.txt (line 1)) (0.26.2)
Requirement already satisfied: filelock in /sw/arch/RHEL8/EB_production/2023/software/Python-bundle-PyPI/2023.06-GCCcore-12.3.0/lib/python3.11/site-packages (from transformers==4.36.2->-r requirement.txt (line 2)) (3.12.2)
Requirement already satisfied: regex!=2019.12.17 in /sw/arch/RHEL8/EB_production/2023/software/Python-bundle-PyPI/2023.06-GCCcore-12.3.0/lib/python3.11/site-packages (from transformers==4.36.2->-r requirement.txt (line 2)) (2023.6.3)
Requirement already satisfied: requests in /sw/arch/RHEL8/EB_production/2023/software/Python-bundle-PyPI/2023.06-GCCcore-12.3.0/lib/python3.11/site-packages (from transformers==4.36.2->-r requirement.txt (line 2)) (2.31.0)
Requirement already satisfied: tokenizers<0.19,>=0.14 in /home/scur2847/.local/lib/python3.11/site-packages (from transformers==4.36.2->-r requirement.txt (line 2)) (0.15.2)
Requirement already satisfied: fast-jl in /home/scur2847/.local/lib/python3.11/site-packages (from traker[fast]==0.1.3->-r requirement.txt (line 3)) (0.1.3)
Requirement already satisfied: pyarrow>=15.0.0 in /home/scur2847/.local/lib/python3.11/site-packages (from datasets->-r requirement.txt (line 4)) (18.0.0)
Requirement already satisfied: dill<0.3.9,>=0.3.0 in /home/scur2847/.local/lib/python3.11/site-packages (from datasets->-r requirement.txt (line 4)) (0.3.8)
Requirement already satisfied: pandas in /sw/arch/RHEL8/EB_production/2023/software/SciPy-bundle/2023.07-gfbf-2023a/lib/python3.11/site-packages (from datasets->-r requirement.txt (line 4)) (2.0.3)
Collecting requests (from transformers==4.36.2->-r requirement.txt (line 2))
  Using cached requests-2.32.3-py3-none-any.whl (64 kB)
Requirement already satisfied: xxhash in /home/scur2847/.local/lib/python3.11/site-packages (from datasets->-r requirement.txt (line 4)) (3.5.0)
Requirement already satisfied: multiprocess<0.70.17 in /home/scur2847/.local/lib/python3.11/site-packages (from datasets->-r requirement.txt (line 4)) (0.70.16)
Requirement already satisfied: fsspec[http]<=2024.9.0,>=2023.1.0 in /sw/arch/RHEL8/EB_production/2023/software/Python-bundle-PyPI/2023.06-GCCcore-12.3.0/lib/python3.11/site-packages (from datasets->-r requirement.txt (line 4)) (2023.6.0)
Requirement already satisfied: aiohttp in /home/scur2847/.local/lib/python3.11/site-packages (from datasets->-r requirement.txt (line 4)) (3.10.10)
Collecting torch>=1.13.0 (from peft==0.7.1->-r requirement.txt (line 1))
  Using cached torch-2.5.1-cp311-cp311-manylinux1_x86_64.whl (906.5 MB)
Requirement already satisfied: pillow!=8.3.*,>=5.3.0 in /sw/arch/RHEL8/EB_production/2023/software/Pillow/10.0.0-GCCcore-12.3.0/lib/python3.11/site-packages (from torchvision->-r requirement.txt (line 5)) (10.0.0)
Requirement already satisfied: typing-extensions>=4.8.0 in /home/scur2847/.local/lib/python3.11/site-packages (from torch>=1.13.0->peft==0.7.1->-r requirement.txt (line 1)) (4.12.2)
Requirement already satisfied: networkx in /sw/arch/RHEL8/EB_production/2023/software/networkx/3.1-gfbf-2023a/lib/python3.11/site-packages (from torch>=1.13.0->peft==0.7.1->-r requirement.txt (line 1)) (3.1)
Requirement already satisfied: jinja2 in /sw/arch/RHEL8/EB_production/2023/software/Python-bundle-PyPI/2023.06-GCCcore-12.3.0/lib/python3.11/site-packages (from torch>=1.13.0->peft==0.7.1->-r requirement.txt (line 1)) (3.1.2)
Requirement already satisfied: nvidia-cuda-nvrtc-cu12==12.4.127 in /home/scur2847/.local/lib/python3.11/site-packages (from torch>=1.13.0->peft==0.7.1->-r requirement.txt (line 1)) (12.4.127)
Requirement already satisfied: nvidia-cuda-runtime-cu12==12.4.127 in /home/scur2847/.local/lib/python3.11/site-packages (from torch>=1.13.0->peft==0.7.1->-r requirement.txt (line 1)) (12.4.127)
Requirement already satisfied: nvidia-cuda-cupti-cu12==12.4.127 in /home/scur2847/.local/lib/python3.11/site-packages (from torch>=1.13.0->peft==0.7.1->-r requirement.txt (line 1)) (12.4.127)
Requirement already satisfied: nvidia-cudnn-cu12==9.1.0.70 in /home/scur2847/.local/lib/python3.11/site-packages (from torch>=1.13.0->peft==0.7.1->-r requirement.txt (line 1)) (9.1.0.70)
Requirement already satisfied: nvidia-cublas-cu12==12.4.5.8 in /home/scur2847/.local/lib/python3.11/site-packages (from torch>=1.13.0->peft==0.7.1->-r requirement.txt (line 1)) (12.4.5.8)
Requirement already satisfied: nvidia-cufft-cu12==11.2.1.3 in /home/scur2847/.local/lib/python3.11/site-packages (from torch>=1.13.0->peft==0.7.1->-r requirement.txt (line 1)) (11.2.1.3)
Requirement already satisfied: nvidia-curand-cu12==10.3.5.147 in /home/scur2847/.local/lib/python3.11/site-packages (from torch>=1.13.0->peft==0.7.1->-r requirement.txt (line 1)) (10.3.5.147)
Requirement already satisfied: nvidia-cusolver-cu12==11.6.1.9 in /home/scur2847/.local/lib/python3.11/site-packages (from torch>=1.13.0->peft==0.7.1->-r requirement.txt (line 1)) (11.6.1.9)
Requirement already satisfied: nvidia-cusparse-cu12==12.3.1.170 in /home/scur2847/.local/lib/python3.11/site-packages (from torch>=1.13.0->peft==0.7.1->-r requirement.txt (line 1)) (12.3.1.170)
Requirement already satisfied: nvidia-nccl-cu12==2.21.5 in /home/scur2847/.local/lib/python3.11/site-packages (from torch>=1.13.0->peft==0.7.1->-r requirement.txt (line 1)) (2.21.5)
Requirement already satisfied: nvidia-nvtx-cu12==12.4.127 in /home/scur2847/.local/lib/python3.11/site-packages (from torch>=1.13.0->peft==0.7.1->-r requirement.txt (line 1)) (12.4.127)
Requirement already satisfied: nvidia-nvjitlink-cu12==12.4.127 in /home/scur2847/.local/lib/python3.11/site-packages (from torch>=1.13.0->peft==0.7.1->-r requirement.txt (line 1)) (12.4.127)
Requirement already satisfied: triton==3.1.0 in /home/scur2847/.local/lib/python3.11/site-packages (from torch>=1.13.0->peft==0.7.1->-r requirement.txt (line 1)) (3.1.0)
Collecting sympy==1.13.1 (from torch>=1.13.0->peft==0.7.1->-r requirement.txt (line 1))
  Using cached sympy-1.13.1-py3-none-any.whl (6.2 MB)
Requirement already satisfied: mpmath<1.4,>=1.1.0 in /sw/arch/RHEL8/EB_production/2023/software/SciPy-bundle/2023.07-gfbf-2023a/lib/python3.11/site-packages (from sympy==1.13.1->torch>=1.13.0->peft==0.7.1->-r requirement.txt (line 1)) (1.3.0)
Requirement already satisfied: click!=8.0.0,>=7.1 in /sw/arch/RHEL8/EB_production/2023/software/Python-bundle-PyPI/2023.06-GCCcore-12.3.0/lib/python3.11/site-packages (from wandb->-r requirement.txt (line 8)) (8.1.3)
Requirement already satisfied: docker-pycreds>=0.4.0 in /home/scur2847/.local/lib/python3.11/site-packages (from wandb->-r requirement.txt (line 8)) (0.4.0)
Requirement already satisfied: gitpython!=3.1.29,>=1.0.0 in /home/scur2847/.local/lib/python3.11/site-packages (from wandb->-r requirement.txt (line 8)) (3.1.43)
Requirement already satisfied: platformdirs in /sw/arch/RHEL8/EB_production/2023/software/Python-bundle-PyPI/2023.06-GCCcore-12.3.0/lib/python3.11/site-packages (from wandb->-r requirement.txt (line 8)) (3.8.0)
Requirement already satisfied: protobuf!=4.21.0,!=5.28.0,<6,>=3.19.0 in /sw/arch/RHEL8/EB_production/2023/software/protobuf-python/4.24.0-GCCcore-12.3.0/lib/python3.11/site-packages (from wandb->-r requirement.txt (line 8)) (4.24.0)
Requirement already satisfied: sentry-sdk>=2.0.0 in /home/scur2847/.local/lib/python3.11/site-packages (from wandb->-r requirement.txt (line 8)) (2.18.0)
Requirement already satisfied: setproctitle in /home/scur2847/.local/lib/python3.11/site-packages (from wandb->-r requirement.txt (line 8)) (1.3.3)
Requirement already satisfied: setuptools in /sw/arch/RHEL8/EB_production/2023/software/Python/3.11.3-GCCcore-12.3.0/lib/python3.11/site-packages (from wandb->-r requirement.txt (line 8)) (67.7.2)
Requirement already satisfied: six>=1.4.0 in /sw/arch/RHEL8/EB_production/2023/software/Python-bundle-PyPI/2023.06-GCCcore-12.3.0/lib/python3.11/site-packages (from docker-pycreds>=0.4.0->wandb->-r requirement.txt (line 8)) (1.16.0)
Requirement already satisfied: aiohappyeyeballs>=2.3.0 in /home/scur2847/.local/lib/python3.11/site-packages (from aiohttp->datasets->-r requirement.txt (line 4)) (2.4.3)
Requirement already satisfied: aiosignal>=1.1.2 in /home/scur2847/.local/lib/python3.11/site-packages (from aiohttp->datasets->-r requirement.txt (line 4)) (1.3.1)
Requirement already satisfied: attrs>=17.3.0 in /sw/arch/RHEL8/EB_production/2023/software/Python-bundle-PyPI/2023.06-GCCcore-12.3.0/lib/python3.11/site-packages (from aiohttp->datasets->-r requirement.txt (line 4)) (23.1.0)
Requirement already satisfied: frozenlist>=1.1.1 in /home/scur2847/.local/lib/python3.11/site-packages (from aiohttp->datasets->-r requirement.txt (line 4)) (1.5.0)
Requirement already satisfied: multidict<7.0,>=4.5 in /home/scur2847/.local/lib/python3.11/site-packages (from aiohttp->datasets->-r requirement.txt (line 4)) (6.1.0)
Requirement already satisfied: yarl<2.0,>=1.12.0 in /home/scur2847/.local/lib/python3.11/site-packages (from aiohttp->datasets->-r requirement.txt (line 4)) (1.17.1)
Requirement already satisfied: gitdb<5,>=4.0.1 in /home/scur2847/.local/lib/python3.11/site-packages (from gitpython!=3.1.29,>=1.0.0->wandb->-r requirement.txt (line 8)) (4.0.11)
Requirement already satisfied: charset-normalizer<4,>=2 in /sw/arch/RHEL8/EB_production/2023/software/Python-bundle-PyPI/2023.06-GCCcore-12.3.0/lib/python3.11/site-packages (from requests->transformers==4.36.2->-r requirement.txt (line 2)) (3.1.0)
Requirement already satisfied: idna<4,>=2.5 in /sw/arch/RHEL8/EB_production/2023/software/Python-bundle-PyPI/2023.06-GCCcore-12.3.0/lib/python3.11/site-packages (from requests->transformers==4.36.2->-r requirement.txt (line 2)) (3.4)
Requirement already satisfied: urllib3<3,>=1.21.1 in /sw/arch/RHEL8/EB_production/2023/software/Python-bundle-PyPI/2023.06-GCCcore-12.3.0/lib/python3.11/site-packages (from requests->transformers==4.36.2->-r requirement.txt (line 2)) (1.26.16)
Requirement already satisfied: certifi>=2017.4.17 in /sw/arch/RHEL8/EB_production/2023/software/Python-bundle-PyPI/2023.06-GCCcore-12.3.0/lib/python3.11/site-packages (from requests->transformers==4.36.2->-r requirement.txt (line 2)) (2023.5.7)
Requirement already satisfied: python-dateutil>=2.8.2 in /sw/arch/RHEL8/EB_production/2023/software/Python-bundle-PyPI/2023.06-GCCcore-12.3.0/lib/python3.11/site-packages (from pandas->datasets->-r requirement.txt (line 4)) (2.8.2)
Requirement already satisfied: pytz>=2020.1 in /sw/arch/RHEL8/EB_production/2023/software/Python-bundle-PyPI/2023.06-GCCcore-12.3.0/lib/python3.11/site-packages (from pandas->datasets->-r requirement.txt (line 4)) (2023.3)
Requirement already satisfied: tzdata>=2022.1 in /sw/arch/RHEL8/EB_production/2023/software/SciPy-bundle/2023.07-gfbf-2023a/lib/python3.11/site-packages (from pandas->datasets->-r requirement.txt (line 4)) (2023.3)
Requirement already satisfied: smmap<6,>=3.0.1 in /home/scur2847/.local/lib/python3.11/site-packages (from gitdb<5,>=4.0.1->gitpython!=3.1.29,>=1.0.0->wandb->-r requirement.txt (line 8)) (5.0.1)
Requirement already satisfied: propcache>=0.2.0 in /home/scur2847/.local/lib/python3.11/site-packages (from yarl<2.0,>=1.12.0->aiohttp->datasets->-r requirement.txt (line 4)) (0.2.0)
Requirement already satisfied: MarkupSafe>=2.0 in /sw/arch/RHEL8/EB_production/2023/software/Python-bundle-PyPI/2023.06-GCCcore-12.3.0/lib/python3.11/site-packages (from jinja2->torch>=1.13.0->peft==0.7.1->-r requirement.txt (line 1)) (2.1.3)
Installing collected packages: sympy, requests, torch
Successfully installed requests-2.32.3 sympy-1.13.1 torch-2.5.1

[notice] A new release of pip is available: 23.1.2 -> 24.3.1
[notice] To update, run: pip install --upgrade pip
Defaulting to user installation because normal site-packages is not writeable
Obtaining file:///gpfs/home1/scur2847/ir2-less-data
  Preparing metadata (setup.py): started
  Preparing metadata (setup.py): finished with status 'done'
Requirement already satisfied: peft==0.7.1 in /home/scur2847/.local/lib/python3.11/site-packages (from less==0.1) (0.7.1)
Requirement already satisfied: transformers==4.36.2 in /home/scur2847/.local/lib/python3.11/site-packages (from less==0.1) (4.36.2)
Requirement already satisfied: traker[fast]==0.1.3 in /home/scur2847/.local/lib/python3.11/site-packages (from less==0.1) (0.1.3)
Requirement already satisfied: datasets in /home/scur2847/.local/lib/python3.11/site-packages (from less==0.1) (3.1.0)
Requirement already satisfied: torchvision in /home/scur2847/.local/lib/python3.11/site-packages (from less==0.1) (0.20.1)
Requirement already satisfied: torchaudio in /home/scur2847/.local/lib/python3.11/site-packages (from less==0.1) (2.5.1)
Requirement already satisfied: accelerate==0.34.2 in /home/scur2847/.local/lib/python3.11/site-packages (from less==0.1) (0.34.2)
Requirement already satisfied: wandb in /home/scur2847/.local/lib/python3.11/site-packages (from less==0.1) (0.18.6)
Requirement already satisfied: numpy<3.0.0,>=1.17 in /sw/arch/RHEL8/EB_production/2023/software/SciPy-bundle/2023.07-gfbf-2023a/lib/python3.11/site-packages (from accelerate==0.34.2->less==0.1) (1.25.1)
Requirement already satisfied: packaging>=20.0 in /sw/arch/RHEL8/EB_production/2023/software/Python-bundle-PyPI/2023.06-GCCcore-12.3.0/lib/python3.11/site-packages (from accelerate==0.34.2->less==0.1) (23.1)
Requirement already satisfied: psutil in /sw/arch/RHEL8/EB_production/2023/software/Python-bundle-PyPI/2023.06-GCCcore-12.3.0/lib/python3.11/site-packages (from accelerate==0.34.2->less==0.1) (5.9.5)
Requirement already satisfied: pyyaml in /sw/arch/RHEL8/EB_production/2023/software/PyYAML/6.0-GCCcore-12.3.0/lib/python3.11/site-packages (from accelerate==0.34.2->less==0.1) (6.0)
Requirement already satisfied: torch>=1.10.0 in /sw/arch/RHEL8/EB_production/2023/software/PyTorch/2.1.2-foss-2023a-CUDA-12.1.1/lib/python3.11/site-packages (from accelerate==0.34.2->less==0.1) (2.1.2)
Requirement already satisfied: huggingface-hub>=0.21.0 in /home/scur2847/.local/lib/python3.11/site-packages (from accelerate==0.34.2->less==0.1) (0.26.2)
Requirement already satisfied: safetensors>=0.4.3 in /home/scur2847/.local/lib/python3.11/site-packages (from accelerate==0.34.2->less==0.1) (0.4.5)
Requirement already satisfied: tqdm in /home/scur2847/.local/lib/python3.11/site-packages (from peft==0.7.1->less==0.1) (4.67.0)
Requirement already satisfied: fast-jl in /home/scur2847/.local/lib/python3.11/site-packages (from traker[fast]==0.1.3->less==0.1) (0.1.3)
Requirement already satisfied: filelock in /sw/arch/RHEL8/EB_production/2023/software/Python-bundle-PyPI/2023.06-GCCcore-12.3.0/lib/python3.11/site-packages (from transformers==4.36.2->less==0.1) (3.12.2)
Requirement already satisfied: regex!=2019.12.17 in /sw/arch/RHEL8/EB_production/2023/software/Python-bundle-PyPI/2023.06-GCCcore-12.3.0/lib/python3.11/site-packages (from transformers==4.36.2->less==0.1) (2023.6.3)
Requirement already satisfied: requests in /sw/arch/RHEL8/EB_production/2023/software/Python-bundle-PyPI/2023.06-GCCcore-12.3.0/lib/python3.11/site-packages (from transformers==4.36.2->less==0.1) (2.31.0)
Requirement already satisfied: tokenizers<0.19,>=0.14 in /home/scur2847/.local/lib/python3.11/site-packages (from transformers==4.36.2->less==0.1) (0.15.2)
Requirement already satisfied: pyarrow>=15.0.0 in /home/scur2847/.local/lib/python3.11/site-packages (from datasets->less==0.1) (18.0.0)
Requirement already satisfied: dill<0.3.9,>=0.3.0 in /home/scur2847/.local/lib/python3.11/site-packages (from datasets->less==0.1) (0.3.8)
Requirement already satisfied: pandas in /sw/arch/RHEL8/EB_production/2023/software/SciPy-bundle/2023.07-gfbf-2023a/lib/python3.11/site-packages (from datasets->less==0.1) (2.0.3)
Collecting requests (from transformers==4.36.2->less==0.1)
  Using cached requests-2.32.3-py3-none-any.whl (64 kB)
Requirement already satisfied: xxhash in /home/scur2847/.local/lib/python3.11/site-packages (from datasets->less==0.1) (3.5.0)
Requirement already satisfied: multiprocess<0.70.17 in /home/scur2847/.local/lib/python3.11/site-packages (from datasets->less==0.1) (0.70.16)
Requirement already satisfied: fsspec[http]<=2024.9.0,>=2023.1.0 in /sw/arch/RHEL8/EB_production/2023/software/Python-bundle-PyPI/2023.06-GCCcore-12.3.0/lib/python3.11/site-packages (from datasets->less==0.1) (2023.6.0)
Requirement already satisfied: aiohttp in /home/scur2847/.local/lib/python3.11/site-packages (from datasets->less==0.1) (3.10.10)
Collecting torch>=1.10.0 (from accelerate==0.34.2->less==0.1)
  Using cached torch-2.5.1-cp311-cp311-manylinux1_x86_64.whl (906.5 MB)
Requirement already satisfied: typing-extensions>=4.8.0 in /home/scur2847/.local/lib/python3.11/site-packages (from torch>=1.10.0->accelerate==0.34.2->less==0.1) (4.12.2)
Requirement already satisfied: networkx in /sw/arch/RHEL8/EB_production/2023/software/networkx/3.1-gfbf-2023a/lib/python3.11/site-packages (from torch>=1.10.0->accelerate==0.34.2->less==0.1) (3.1)
Requirement already satisfied: jinja2 in /sw/arch/RHEL8/EB_production/2023/software/Python-bundle-PyPI/2023.06-GCCcore-12.3.0/lib/python3.11/site-packages (from torch>=1.10.0->accelerate==0.34.2->less==0.1) (3.1.2)
Requirement already satisfied: nvidia-cuda-nvrtc-cu12==12.4.127 in /home/scur2847/.local/lib/python3.11/site-packages (from torch>=1.10.0->accelerate==0.34.2->less==0.1) (12.4.127)
Requirement already satisfied: nvidia-cuda-runtime-cu12==12.4.127 in /home/scur2847/.local/lib/python3.11/site-packages (from torch>=1.10.0->accelerate==0.34.2->less==0.1) (12.4.127)
Requirement already satisfied: nvidia-cuda-cupti-cu12==12.4.127 in /home/scur2847/.local/lib/python3.11/site-packages (from torch>=1.10.0->accelerate==0.34.2->less==0.1) (12.4.127)
Requirement already satisfied: nvidia-cudnn-cu12==9.1.0.70 in /home/scur2847/.local/lib/python3.11/site-packages (from torch>=1.10.0->accelerate==0.34.2->less==0.1) (9.1.0.70)
Requirement already satisfied: nvidia-cublas-cu12==12.4.5.8 in /home/scur2847/.local/lib/python3.11/site-packages (from torch>=1.10.0->accelerate==0.34.2->less==0.1) (12.4.5.8)
Requirement already satisfied: nvidia-cufft-cu12==11.2.1.3 in /home/scur2847/.local/lib/python3.11/site-packages (from torch>=1.10.0->accelerate==0.34.2->less==0.1) (11.2.1.3)
Requirement already satisfied: nvidia-curand-cu12==10.3.5.147 in /home/scur2847/.local/lib/python3.11/site-packages (from torch>=1.10.0->accelerate==0.34.2->less==0.1) (10.3.5.147)
Requirement already satisfied: nvidia-cusolver-cu12==11.6.1.9 in /home/scur2847/.local/lib/python3.11/site-packages (from torch>=1.10.0->accelerate==0.34.2->less==0.1) (11.6.1.9)
Requirement already satisfied: nvidia-cusparse-cu12==12.3.1.170 in /home/scur2847/.local/lib/python3.11/site-packages (from torch>=1.10.0->accelerate==0.34.2->less==0.1) (12.3.1.170)
Requirement already satisfied: nvidia-nccl-cu12==2.21.5 in /home/scur2847/.local/lib/python3.11/site-packages (from torch>=1.10.0->accelerate==0.34.2->less==0.1) (2.21.5)
Requirement already satisfied: nvidia-nvtx-cu12==12.4.127 in /home/scur2847/.local/lib/python3.11/site-packages (from torch>=1.10.0->accelerate==0.34.2->less==0.1) (12.4.127)
Requirement already satisfied: nvidia-nvjitlink-cu12==12.4.127 in /home/scur2847/.local/lib/python3.11/site-packages (from torch>=1.10.0->accelerate==0.34.2->less==0.1) (12.4.127)
Requirement already satisfied: triton==3.1.0 in /home/scur2847/.local/lib/python3.11/site-packages (from torch>=1.10.0->accelerate==0.34.2->less==0.1) (3.1.0)
Collecting sympy==1.13.1 (from torch>=1.10.0->accelerate==0.34.2->less==0.1)
  Using cached sympy-1.13.1-py3-none-any.whl (6.2 MB)
Requirement already satisfied: mpmath<1.4,>=1.1.0 in /sw/arch/RHEL8/EB_production/2023/software/SciPy-bundle/2023.07-gfbf-2023a/lib/python3.11/site-packages (from sympy==1.13.1->torch>=1.10.0->accelerate==0.34.2->less==0.1) (1.3.0)
Requirement already satisfied: pillow!=8.3.*,>=5.3.0 in /sw/arch/RHEL8/EB_production/2023/software/Pillow/10.0.0-GCCcore-12.3.0/lib/python3.11/site-packages (from torchvision->less==0.1) (10.0.0)
Requirement already satisfied: click!=8.0.0,>=7.1 in /sw/arch/RHEL8/EB_production/2023/software/Python-bundle-PyPI/2023.06-GCCcore-12.3.0/lib/python3.11/site-packages (from wandb->less==0.1) (8.1.3)
Requirement already satisfied: docker-pycreds>=0.4.0 in /home/scur2847/.local/lib/python3.11/site-packages (from wandb->less==0.1) (0.4.0)
Requirement already satisfied: gitpython!=3.1.29,>=1.0.0 in /home/scur2847/.local/lib/python3.11/site-packages (from wandb->less==0.1) (3.1.43)
Requirement already satisfied: platformdirs in /sw/arch/RHEL8/EB_production/2023/software/Python-bundle-PyPI/2023.06-GCCcore-12.3.0/lib/python3.11/site-packages (from wandb->less==0.1) (3.8.0)
Requirement already satisfied: protobuf!=4.21.0,!=5.28.0,<6,>=3.19.0 in /sw/arch/RHEL8/EB_production/2023/software/protobuf-python/4.24.0-GCCcore-12.3.0/lib/python3.11/site-packages (from wandb->less==0.1) (4.24.0)
Requirement already satisfied: sentry-sdk>=2.0.0 in /home/scur2847/.local/lib/python3.11/site-packages (from wandb->less==0.1) (2.18.0)
Requirement already satisfied: setproctitle in /home/scur2847/.local/lib/python3.11/site-packages (from wandb->less==0.1) (1.3.3)
Requirement already satisfied: setuptools in /sw/arch/RHEL8/EB_production/2023/software/Python/3.11.3-GCCcore-12.3.0/lib/python3.11/site-packages (from wandb->less==0.1) (67.7.2)
Requirement already satisfied: six>=1.4.0 in /sw/arch/RHEL8/EB_production/2023/software/Python-bundle-PyPI/2023.06-GCCcore-12.3.0/lib/python3.11/site-packages (from docker-pycreds>=0.4.0->wandb->less==0.1) (1.16.0)
Requirement already satisfied: aiohappyeyeballs>=2.3.0 in /home/scur2847/.local/lib/python3.11/site-packages (from aiohttp->datasets->less==0.1) (2.4.3)
Requirement already satisfied: aiosignal>=1.1.2 in /home/scur2847/.local/lib/python3.11/site-packages (from aiohttp->datasets->less==0.1) (1.3.1)
Requirement already satisfied: attrs>=17.3.0 in /sw/arch/RHEL8/EB_production/2023/software/Python-bundle-PyPI/2023.06-GCCcore-12.3.0/lib/python3.11/site-packages (from aiohttp->datasets->less==0.1) (23.1.0)
Requirement already satisfied: frozenlist>=1.1.1 in /home/scur2847/.local/lib/python3.11/site-packages (from aiohttp->datasets->less==0.1) (1.5.0)
Requirement already satisfied: multidict<7.0,>=4.5 in /home/scur2847/.local/lib/python3.11/site-packages (from aiohttp->datasets->less==0.1) (6.1.0)
Requirement already satisfied: yarl<2.0,>=1.12.0 in /home/scur2847/.local/lib/python3.11/site-packages (from aiohttp->datasets->less==0.1) (1.17.1)
Requirement already satisfied: gitdb<5,>=4.0.1 in /home/scur2847/.local/lib/python3.11/site-packages (from gitpython!=3.1.29,>=1.0.0->wandb->less==0.1) (4.0.11)
Requirement already satisfied: charset-normalizer<4,>=2 in /sw/arch/RHEL8/EB_production/2023/software/Python-bundle-PyPI/2023.06-GCCcore-12.3.0/lib/python3.11/site-packages (from requests->transformers==4.36.2->less==0.1) (3.1.0)
Requirement already satisfied: idna<4,>=2.5 in /sw/arch/RHEL8/EB_production/2023/software/Python-bundle-PyPI/2023.06-GCCcore-12.3.0/lib/python3.11/site-packages (from requests->transformers==4.36.2->less==0.1) (3.4)
Requirement already satisfied: urllib3<3,>=1.21.1 in /sw/arch/RHEL8/EB_production/2023/software/Python-bundle-PyPI/2023.06-GCCcore-12.3.0/lib/python3.11/site-packages (from requests->transformers==4.36.2->less==0.1) (1.26.16)
Requirement already satisfied: certifi>=2017.4.17 in /sw/arch/RHEL8/EB_production/2023/software/Python-bundle-PyPI/2023.06-GCCcore-12.3.0/lib/python3.11/site-packages (from requests->transformers==4.36.2->less==0.1) (2023.5.7)
Requirement already satisfied: python-dateutil>=2.8.2 in /sw/arch/RHEL8/EB_production/2023/software/Python-bundle-PyPI/2023.06-GCCcore-12.3.0/lib/python3.11/site-packages (from pandas->datasets->less==0.1) (2.8.2)
Requirement already satisfied: pytz>=2020.1 in /sw/arch/RHEL8/EB_production/2023/software/Python-bundle-PyPI/2023.06-GCCcore-12.3.0/lib/python3.11/site-packages (from pandas->datasets->less==0.1) (2023.3)
Requirement already satisfied: tzdata>=2022.1 in /sw/arch/RHEL8/EB_production/2023/software/SciPy-bundle/2023.07-gfbf-2023a/lib/python3.11/site-packages (from pandas->datasets->less==0.1) (2023.3)
Requirement already satisfied: smmap<6,>=3.0.1 in /home/scur2847/.local/lib/python3.11/site-packages (from gitdb<5,>=4.0.1->gitpython!=3.1.29,>=1.0.0->wandb->less==0.1) (5.0.1)
Requirement already satisfied: propcache>=0.2.0 in /home/scur2847/.local/lib/python3.11/site-packages (from yarl<2.0,>=1.12.0->aiohttp->datasets->less==0.1) (0.2.0)
Requirement already satisfied: MarkupSafe>=2.0 in /sw/arch/RHEL8/EB_production/2023/software/Python-bundle-PyPI/2023.06-GCCcore-12.3.0/lib/python3.11/site-packages (from jinja2->torch>=1.10.0->accelerate==0.34.2->less==0.1) (2.1.3)
Installing collected packages: sympy, requests, torch, less
  Attempting uninstall: less
    Found existing installation: less 0.1
    Uninstalling less-0.1:
      Successfully uninstalled less-0.1
  Running setup.py develop for less
Successfully installed less-0.1 requests-2.32.3 sympy-1.13.1 torch-2.5.1

[notice] A new release of pip is available: 23.1.2 -> 24.3.1
[notice] To update, run: pip install --upgrade pip
/home/scur2847/.local/lib/python3.11/site-packages/huggingface_hub/file_download.py:797: FutureWarning: `resume_download` is deprecated and will be removed in version 1.0.0. Downloads always resume when possible. If you want to force a new download, use `force_download=True`.
  warnings.warn(
Loading checkpoint shards:   0%|          | 0/2 [00:00<?, ?it/s]Loading checkpoint shards:  50%|█████     | 1/2 [00:05<00:05,  5.16s/it]Loading checkpoint shards: 100%|██████████| 2/2 [00:06<00:00,  3.17s/it]Loading checkpoint shards: 100%|██████████| 2/2 [00:06<00:00,  3.47s/it]
trainable params: 134,217,728 || all params: 6,872,641,536 || trainable%: 1.9529278123549145
Generating train split: 0 examples [00:00, ? examples/s]Generating train split: 15011 examples [00:00, 301722.32 examples/s]
Tokenizing and reformatting instruction data (num_proc=10):   0%|          | 0/15011 [00:00<?, ? examples/s]Tokenizing and reformatting instruction data (num_proc=10):   0%|          | 59/15011 [00:00<00:41, 360.59 examples/s]Tokenizing and reformatting instruction data (num_proc=10):   7%|▋         | 1111/15011 [00:00<00:02, 5024.80 examples/s]Tokenizing and reformatting instruction data (num_proc=10):  16%|█▌        | 2378/15011 [00:00<00:01, 7989.17 examples/s]Tokenizing and reformatting instruction data (num_proc=10):  24%|██▍       | 3592/15011 [00:00<00:01, 9388.87 examples/s]Tokenizing and reformatting instruction data (num_proc=10):  33%|███▎      | 4939/15011 [00:00<00:00, 10740.29 examples/s]Tokenizing and reformatting instruction data (num_proc=10):  42%|████▏     | 6282/15011 [00:00<00:00, 11601.96 examples/s]Tokenizing and reformatting instruction data (num_proc=10):  51%|█████▏    | 7728/15011 [00:00<00:00, 12493.45 examples/s]Tokenizing and reformatting instruction data (num_proc=10):  60%|██████    | 9048/15011 [00:00<00:00, 12184.59 examples/s]Tokenizing and reformatting instruction data (num_proc=10):  69%|██████▉   | 10345/15011 [00:00<00:00, 12208.25 examples/s]Tokenizing and reformatting instruction data (num_proc=10):  77%|███████▋  | 11587/15011 [00:01<00:00, 11938.73 examples/s]Tokenizing and reformatting instruction data (num_proc=10):  87%|████████▋ | 13026/15011 [00:01<00:00, 12632.67 examples/s]Tokenizing and reformatting instruction data (num_proc=10):  96%|█████████▌| 14344/15011 [00:01<00:00, 12246.87 examples/s]Tokenizing and reformatting instruction data (num_proc=10): 100%|██████████| 15011/15011 [00:01<00:00, 9926.56 examples/s] 
Traceback (most recent call last):
  File "<frozen runpy>", line 198, in _run_module_as_main
  File "<frozen runpy>", line 88, in _run_code
  File "/gpfs/home1/scur2847/ir2-less-data/less/data_selection/get_info.py", line 156, in <module>
    collect_grads(dataloader,
  File "/gpfs/home1/scur2847/ir2-less-data/less/data_selection/collect_grad_reps.py", line 195, in collect_grads
    m, v = prepare_optimizer_state(model, adam_optimizer_state, device)
           ^^^^^^^^^^^^^^^^^^^^^^^^^^^^^^^^^^^^^^^^^^^^^^^^^^^^^^^^^^^^
  File "/gpfs/home1/scur2847/ir2-less-data/less/data_selection/collect_grad_reps.py", line 132, in prepare_optimizer_state
    avg = torch.cat([optimizer_state[n]["exp_avg"].view(-1) for n in names])
                    ^^^^^^^^^^^^^^^^^^^^^^^^^^^^^^^^^^^^^^^^^^^^^^^^^^^^^^^
  File "/gpfs/home1/scur2847/ir2-less-data/less/data_selection/collect_grad_reps.py", line 132, in <listcomp>
    avg = torch.cat([optimizer_state[n]["exp_avg"].view(-1) for n in names])
                     ~~~~~~~~~~~~~~~^^^
KeyError: 'base_model.model.model.layers.0.self_attn.q_proj.lora_A.default.weight'
There are 15011 examples in the dataset

JOB STATISTICS
==============
Job ID: 8529946
Cluster: snellius
User/Group: scur2847/scur2847
State: FAILED (exit code 1)
Nodes: 1
Cores per node: 32
CPU Utilized: 00:02:30
CPU Efficiency: 3.81% of 01:05:36 core-walltime
Job Wall-clock time: 00:02:03
Memory Utilized: 542.78 MB
Memory Efficiency: 0.15% of 360.00 GB
