WARNING 11-28 17:04:40 _core_ext.py:180] Failed to import from vllm._core_C with ImportError('/home/scur2847/.local/lib/python3.11/site-packages/vllm/_core_C.abi3.so: undefined symbol: _ZNK3c105Error4whatEv')
Traceback (most recent call last):
  File "<frozen runpy>", line 198, in _run_module_as_main
  File "<frozen runpy>", line 88, in _run_code
  File "/gpfs/home1/scur2847/ir2-less-data/evaluation/eval/tydiqa/run_eval.py", line 9, in <module>
    import vllm
  File "/home/scur2847/.local/lib/python3.11/site-packages/vllm/__init__.py", line 3, in <module>
    from vllm.engine.arg_utils import AsyncEngineArgs, EngineArgs
  File "/home/scur2847/.local/lib/python3.11/site-packages/vllm/engine/arg_utils.py", line 11, in <module>
    from vllm.config import (CacheConfig, ConfigFormat, DecodingConfig,
  File "/home/scur2847/.local/lib/python3.11/site-packages/vllm/config.py", line 12, in <module>
    from vllm.model_executor.layers.quantization import QUANTIZATION_METHODS
  File "/home/scur2847/.local/lib/python3.11/site-packages/vllm/model_executor/layers/quantization/__init__.py", line 3, in <module>
    from vllm.model_executor.layers.quantization.aqlm import AQLMConfig
  File "/home/scur2847/.local/lib/python3.11/site-packages/vllm/model_executor/layers/quantization/aqlm.py", line 11, in <module>
    from vllm import _custom_ops as ops
  File "/home/scur2847/.local/lib/python3.11/site-packages/vllm/_custom_ops.py", line 8, in <module>
    from vllm._core_ext import ScalarType
  File "/home/scur2847/.local/lib/python3.11/site-packages/vllm/_core_ext.py", line 182, in <module>
    ScalarType = torch.classes._core_C.ScalarType
                 ^^^^^^^^^^^^^^^^^^^^^^^^^^^^^^^^
  File "/sw/arch/RHEL8/EB_production/2023/software/PyTorch/2.1.2-foss-2023a-CUDA-12.1.1/lib/python3.11/site-packages/torch/_classes.py", line 12, in __getattr__
    proxy = torch._C._get_custom_class_python_wrapper(self.name, attr)
            ^^^^^^^^^^^^^^^^^^^^^^^^^^^^^^^^^^^^^^^^^^^^^^^^^^^^^^^^^^
RuntimeError: Tried to instantiate class '_core_C.ScalarType', but it does not exist! Ensure that it is registered via torch::class_
jq: error: Could not open file /scratch-shared/ir2-less/out/llama2-7b-less-p0.05-lora-seed4/eval/tydiqa/metrics.json: No such file or directory
tydiqa Evaluation Result: %

JOB STATISTICS
==============
Job ID: 8805520
Cluster: snellius
User/Group: scur2847/scur2847
State: COMPLETED (exit code 0)
Nodes: 1
Cores per node: 16
CPU Utilized: 00:00:07
CPU Efficiency: 1.68% of 00:06:56 core-walltime
Job Wall-clock time: 00:00:26
Memory Utilized: 2.20 MB
Memory Efficiency: 0.00% of 180.00 GB
