Defaulting to user installation because normal site-packages is not writeable
Collecting torch==2.3.1
  Downloading torch-2.3.1-cp311-cp311-manylinux1_x86_64.whl (779.2 MB)
     ━━━━━━━━━━━━━━━━━━━━━━━━━━━━━━━━━━━━━━━ 779.2/779.2 MB 5.7 MB/s eta 0:00:00
Requirement already satisfied: filelock in /sw/arch/RHEL8/EB_production/2023/software/Python-bundle-PyPI/2023.06-GCCcore-12.3.0/lib/python3.11/site-packages (from torch==2.3.1) (3.12.2)
Requirement already satisfied: typing-extensions>=4.8.0 in /home/scur2847/.local/lib/python3.11/site-packages (from torch==2.3.1) (4.12.2)
Requirement already satisfied: sympy in /sw/arch/RHEL8/EB_production/2023/software/sympy/1.12-gfbf-2023a/lib/python3.11/site-packages (from torch==2.3.1) (1.12)
Requirement already satisfied: networkx in /sw/arch/RHEL8/EB_production/2023/software/networkx/3.1-gfbf-2023a/lib/python3.11/site-packages (from torch==2.3.1) (3.1)
Requirement already satisfied: jinja2 in /sw/arch/RHEL8/EB_production/2023/software/Python-bundle-PyPI/2023.06-GCCcore-12.3.0/lib/python3.11/site-packages (from torch==2.3.1) (3.1.2)
Requirement already satisfied: fsspec in /sw/arch/RHEL8/EB_production/2023/software/Python-bundle-PyPI/2023.06-GCCcore-12.3.0/lib/python3.11/site-packages (from torch==2.3.1) (2023.6.0)
Collecting nvidia-cuda-nvrtc-cu12==12.1.105 (from torch==2.3.1)
  Using cached nvidia_cuda_nvrtc_cu12-12.1.105-py3-none-manylinux1_x86_64.whl (23.7 MB)
Collecting nvidia-cuda-runtime-cu12==12.1.105 (from torch==2.3.1)
  Using cached nvidia_cuda_runtime_cu12-12.1.105-py3-none-manylinux1_x86_64.whl (823 kB)
Collecting nvidia-cuda-cupti-cu12==12.1.105 (from torch==2.3.1)
  Using cached nvidia_cuda_cupti_cu12-12.1.105-py3-none-manylinux1_x86_64.whl (14.1 MB)
Collecting nvidia-cudnn-cu12==8.9.2.26 (from torch==2.3.1)
  Using cached nvidia_cudnn_cu12-8.9.2.26-py3-none-manylinux1_x86_64.whl (731.7 MB)
Collecting nvidia-cublas-cu12==12.1.3.1 (from torch==2.3.1)
  Using cached nvidia_cublas_cu12-12.1.3.1-py3-none-manylinux1_x86_64.whl (410.6 MB)
Collecting nvidia-cufft-cu12==11.0.2.54 (from torch==2.3.1)
  Using cached nvidia_cufft_cu12-11.0.2.54-py3-none-manylinux1_x86_64.whl (121.6 MB)
Collecting nvidia-curand-cu12==10.3.2.106 (from torch==2.3.1)
  Using cached nvidia_curand_cu12-10.3.2.106-py3-none-manylinux1_x86_64.whl (56.5 MB)
Collecting nvidia-cusolver-cu12==11.4.5.107 (from torch==2.3.1)
  Using cached nvidia_cusolver_cu12-11.4.5.107-py3-none-manylinux1_x86_64.whl (124.2 MB)
Collecting nvidia-cusparse-cu12==12.1.0.106 (from torch==2.3.1)
  Using cached nvidia_cusparse_cu12-12.1.0.106-py3-none-manylinux1_x86_64.whl (196.0 MB)
Collecting nvidia-nccl-cu12==2.20.5 (from torch==2.3.1)
  Using cached nvidia_nccl_cu12-2.20.5-py3-none-manylinux2014_x86_64.whl (176.2 MB)
Collecting nvidia-nvtx-cu12==12.1.105 (from torch==2.3.1)
  Using cached nvidia_nvtx_cu12-12.1.105-py3-none-manylinux1_x86_64.whl (99 kB)
Collecting triton==2.3.1 (from torch==2.3.1)
  Downloading triton-2.3.1-cp311-cp311-manylinux_2_17_x86_64.manylinux2014_x86_64.whl (168.1 MB)
     ━━━━━━━━━━━━━━━━━━━━━━━━━━━━━━━━━━━━━━ 168.1/168.1 MB 22.5 MB/s eta 0:00:00
Requirement already satisfied: nvidia-nvjitlink-cu12 in /home/scur2847/.local/lib/python3.11/site-packages (from nvidia-cusolver-cu12==11.4.5.107->torch==2.3.1) (12.4.127)
Requirement already satisfied: MarkupSafe>=2.0 in /sw/arch/RHEL8/EB_production/2023/software/Python-bundle-PyPI/2023.06-GCCcore-12.3.0/lib/python3.11/site-packages (from jinja2->torch==2.3.1) (2.1.3)
Requirement already satisfied: mpmath>=0.19 in /sw/arch/RHEL8/EB_production/2023/software/SciPy-bundle/2023.07-gfbf-2023a/lib/python3.11/site-packages (from sympy->torch==2.3.1) (1.3.0)
Installing collected packages: triton, nvidia-nvtx-cu12, nvidia-nccl-cu12, nvidia-cusparse-cu12, nvidia-curand-cu12, nvidia-cufft-cu12, nvidia-cuda-runtime-cu12, nvidia-cuda-nvrtc-cu12, nvidia-cuda-cupti-cu12, nvidia-cublas-cu12, nvidia-cusolver-cu12, nvidia-cudnn-cu12, torch
  Attempting uninstall: triton
    Found existing installation: triton 3.1.0
    Uninstalling triton-3.1.0:
      Successfully uninstalled triton-3.1.0
  Attempting uninstall: nvidia-nvtx-cu12
    Found existing installation: nvidia-nvtx-cu12 12.4.127
    Uninstalling nvidia-nvtx-cu12-12.4.127:
      Successfully uninstalled nvidia-nvtx-cu12-12.4.127
  Attempting uninstall: nvidia-nccl-cu12
    Found existing installation: nvidia-nccl-cu12 2.21.5
    Uninstalling nvidia-nccl-cu12-2.21.5:
      Successfully uninstalled nvidia-nccl-cu12-2.21.5
  Attempting uninstall: nvidia-cusparse-cu12
    Found existing installation: nvidia-cusparse-cu12 12.3.1.170
    Uninstalling nvidia-cusparse-cu12-12.3.1.170:
      Successfully uninstalled nvidia-cusparse-cu12-12.3.1.170
  Attempting uninstall: nvidia-curand-cu12
    Found existing installation: nvidia-curand-cu12 10.3.5.147
    Uninstalling nvidia-curand-cu12-10.3.5.147:
      Successfully uninstalled nvidia-curand-cu12-10.3.5.147
  Attempting uninstall: nvidia-cufft-cu12
    Found existing installation: nvidia-cufft-cu12 11.2.1.3
    Uninstalling nvidia-cufft-cu12-11.2.1.3:
      Successfully uninstalled nvidia-cufft-cu12-11.2.1.3
  Attempting uninstall: nvidia-cuda-runtime-cu12
    Found existing installation: nvidia-cuda-runtime-cu12 12.4.127
    Uninstalling nvidia-cuda-runtime-cu12-12.4.127:
      Successfully uninstalled nvidia-cuda-runtime-cu12-12.4.127
  Attempting uninstall: nvidia-cuda-nvrtc-cu12
    Found existing installation: nvidia-cuda-nvrtc-cu12 12.4.127
    Uninstalling nvidia-cuda-nvrtc-cu12-12.4.127:
      Successfully uninstalled nvidia-cuda-nvrtc-cu12-12.4.127
  Attempting uninstall: nvidia-cuda-cupti-cu12
    Found existing installation: nvidia-cuda-cupti-cu12 12.4.127
    Uninstalling nvidia-cuda-cupti-cu12-12.4.127:
      Successfully uninstalled nvidia-cuda-cupti-cu12-12.4.127
  Attempting uninstall: nvidia-cublas-cu12
    Found existing installation: nvidia-cublas-cu12 12.4.5.8
    Uninstalling nvidia-cublas-cu12-12.4.5.8:
      Successfully uninstalled nvidia-cublas-cu12-12.4.5.8
  Attempting uninstall: nvidia-cusolver-cu12
    Found existing installation: nvidia-cusolver-cu12 11.6.1.9
    Uninstalling nvidia-cusolver-cu12-11.6.1.9:
      Successfully uninstalled nvidia-cusolver-cu12-11.6.1.9
  Attempting uninstall: nvidia-cudnn-cu12
    Found existing installation: nvidia-cudnn-cu12 9.1.0.70
    Uninstalling nvidia-cudnn-cu12-9.1.0.70:
      Successfully uninstalled nvidia-cudnn-cu12-9.1.0.70
ERROR: pip's dependency resolver does not currently take into account all the packages that are installed. This behaviour is the source of the following dependency conflicts.
torchvision 0.20.1 requires torch==2.5.1, but you have torch 2.3.1 which is incompatible.
torchaudio 2.4.0 requires torch==2.4.0, but you have torch 2.3.1 which is incompatible.
vllm-flash-attn 2.6.1 requires torch==2.4.0, but you have torch 2.3.1 which is incompatible.
xformers 0.0.28.post3 requires torch==2.5.1, but you have torch 2.3.1 which is incompatible.
vllm 0.6.4.post1 requires torch==2.5.1, but you have torch 2.3.1 which is incompatible.
less 0.1 requires transformers==4.36.2, but you have transformers 4.46.3 which is incompatible.
Successfully installed nvidia-cublas-cu12-12.1.3.1 nvidia-cuda-cupti-cu12-12.1.105 nvidia-cuda-nvrtc-cu12-12.1.105 nvidia-cuda-runtime-cu12-12.1.105 nvidia-cudnn-cu12-8.9.2.26 nvidia-cufft-cu12-11.0.2.54 nvidia-curand-cu12-10.3.2.106 nvidia-cusolver-cu12-11.4.5.107 nvidia-cusparse-cu12-12.1.0.106 nvidia-nccl-cu12-2.20.5 nvidia-nvtx-cu12-12.1.105 torch-2.3.1 triton-2.3.1

[notice] A new release of pip is available: 23.1.2 -> 24.3.1
[notice] To update, run: pip install --upgrade pip
Defaulting to user installation because normal site-packages is not writeable
Collecting torchvision==0.17.2
  Downloading torchvision-0.17.2-cp311-cp311-manylinux1_x86_64.whl (6.9 MB)
     ━━━━━━━━━━━━━━━━━━━━━━━━━━━━━━━━━━━━━━━━ 6.9/6.9 MB 113.4 MB/s eta 0:00:00
Requirement already satisfied: numpy in /sw/arch/RHEL8/EB_production/2023/software/SciPy-bundle/2023.07-gfbf-2023a/lib/python3.11/site-packages (from torchvision==0.17.2) (1.25.1)
Collecting torch==2.2.2 (from torchvision==0.17.2)
  Downloading torch-2.2.2-cp311-cp311-manylinux1_x86_64.whl (755.6 MB)
     ━━━━━━━━━━━━━━━━━━━━━━━━━━━━━━━━━━━━━━━ 755.6/755.6 MB 5.8 MB/s eta 0:00:00
Requirement already satisfied: pillow!=8.3.*,>=5.3.0 in /sw/arch/RHEL8/EB_production/2023/software/Pillow/10.0.0-GCCcore-12.3.0/lib/python3.11/site-packages (from torchvision==0.17.2) (10.0.0)
Requirement already satisfied: filelock in /sw/arch/RHEL8/EB_production/2023/software/Python-bundle-PyPI/2023.06-GCCcore-12.3.0/lib/python3.11/site-packages (from torch==2.2.2->torchvision==0.17.2) (3.12.2)
Requirement already satisfied: typing-extensions>=4.8.0 in /home/scur2847/.local/lib/python3.11/site-packages (from torch==2.2.2->torchvision==0.17.2) (4.12.2)
Requirement already satisfied: sympy in /sw/arch/RHEL8/EB_production/2023/software/sympy/1.12-gfbf-2023a/lib/python3.11/site-packages (from torch==2.2.2->torchvision==0.17.2) (1.12)
Requirement already satisfied: networkx in /sw/arch/RHEL8/EB_production/2023/software/networkx/3.1-gfbf-2023a/lib/python3.11/site-packages (from torch==2.2.2->torchvision==0.17.2) (3.1)
Requirement already satisfied: jinja2 in /sw/arch/RHEL8/EB_production/2023/software/Python-bundle-PyPI/2023.06-GCCcore-12.3.0/lib/python3.11/site-packages (from torch==2.2.2->torchvision==0.17.2) (3.1.2)
Requirement already satisfied: fsspec in /sw/arch/RHEL8/EB_production/2023/software/Python-bundle-PyPI/2023.06-GCCcore-12.3.0/lib/python3.11/site-packages (from torch==2.2.2->torchvision==0.17.2) (2023.6.0)
Requirement already satisfied: nvidia-cuda-nvrtc-cu12==12.1.105 in /home/scur2847/.local/lib/python3.11/site-packages (from torch==2.2.2->torchvision==0.17.2) (12.1.105)
Requirement already satisfied: nvidia-cuda-runtime-cu12==12.1.105 in /home/scur2847/.local/lib/python3.11/site-packages (from torch==2.2.2->torchvision==0.17.2) (12.1.105)
Requirement already satisfied: nvidia-cuda-cupti-cu12==12.1.105 in /home/scur2847/.local/lib/python3.11/site-packages (from torch==2.2.2->torchvision==0.17.2) (12.1.105)
Requirement already satisfied: nvidia-cudnn-cu12==8.9.2.26 in /home/scur2847/.local/lib/python3.11/site-packages (from torch==2.2.2->torchvision==0.17.2) (8.9.2.26)
Requirement already satisfied: nvidia-cublas-cu12==12.1.3.1 in /home/scur2847/.local/lib/python3.11/site-packages (from torch==2.2.2->torchvision==0.17.2) (12.1.3.1)
Requirement already satisfied: nvidia-cufft-cu12==11.0.2.54 in /home/scur2847/.local/lib/python3.11/site-packages (from torch==2.2.2->torchvision==0.17.2) (11.0.2.54)
Requirement already satisfied: nvidia-curand-cu12==10.3.2.106 in /home/scur2847/.local/lib/python3.11/site-packages (from torch==2.2.2->torchvision==0.17.2) (10.3.2.106)
Requirement already satisfied: nvidia-cusolver-cu12==11.4.5.107 in /home/scur2847/.local/lib/python3.11/site-packages (from torch==2.2.2->torchvision==0.17.2) (11.4.5.107)
Requirement already satisfied: nvidia-cusparse-cu12==12.1.0.106 in /home/scur2847/.local/lib/python3.11/site-packages (from torch==2.2.2->torchvision==0.17.2) (12.1.0.106)
Collecting nvidia-nccl-cu12==2.19.3 (from torch==2.2.2->torchvision==0.17.2)
  Downloading nvidia_nccl_cu12-2.19.3-py3-none-manylinux1_x86_64.whl (166.0 MB)
     ━━━━━━━━━━━━━━━━━━━━━━━━━━━━━━━━━━━━━━ 166.0/166.0 MB 24.2 MB/s eta 0:00:00
Requirement already satisfied: nvidia-nvtx-cu12==12.1.105 in /home/scur2847/.local/lib/python3.11/site-packages (from torch==2.2.2->torchvision==0.17.2) (12.1.105)
Collecting triton==2.2.0 (from torch==2.2.2->torchvision==0.17.2)
  Downloading triton-2.2.0-cp311-cp311-manylinux_2_17_x86_64.manylinux2014_x86_64.whl (167.9 MB)
     ━━━━━━━━━━━━━━━━━━━━━━━━━━━━━━━━━━━━━━ 167.9/167.9 MB 16.2 MB/s eta 0:00:00
Requirement already satisfied: nvidia-nvjitlink-cu12 in /home/scur2847/.local/lib/python3.11/site-packages (from nvidia-cusolver-cu12==11.4.5.107->torch==2.2.2->torchvision==0.17.2) (12.4.127)
Requirement already satisfied: MarkupSafe>=2.0 in /sw/arch/RHEL8/EB_production/2023/software/Python-bundle-PyPI/2023.06-GCCcore-12.3.0/lib/python3.11/site-packages (from jinja2->torch==2.2.2->torchvision==0.17.2) (2.1.3)
Requirement already satisfied: mpmath>=0.19 in /sw/arch/RHEL8/EB_production/2023/software/SciPy-bundle/2023.07-gfbf-2023a/lib/python3.11/site-packages (from sympy->torch==2.2.2->torchvision==0.17.2) (1.3.0)
Installing collected packages: triton, nvidia-nccl-cu12, torch, torchvision
  Attempting uninstall: triton
    Found existing installation: triton 2.3.1
    Uninstalling triton-2.3.1:
      Successfully uninstalled triton-2.3.1
  Attempting uninstall: nvidia-nccl-cu12
    Found existing installation: nvidia-nccl-cu12 2.20.5
    Uninstalling nvidia-nccl-cu12-2.20.5:
      Successfully uninstalled nvidia-nccl-cu12-2.20.5
  Attempting uninstall: torchvision
    Found existing installation: torchvision 0.20.1
    Uninstalling torchvision-0.20.1:
      Successfully uninstalled torchvision-0.20.1
ERROR: pip's dependency resolver does not currently take into account all the packages that are installed. This behaviour is the source of the following dependency conflicts.
torchaudio 2.4.0 requires torch==2.4.0, but you have torch 2.2.2 which is incompatible.
vllm-flash-attn 2.6.1 requires torch==2.4.0, but you have torch 2.2.2 which is incompatible.
xformers 0.0.28.post3 requires torch==2.5.1, but you have torch 2.2.2 which is incompatible.
vllm 0.6.4.post1 requires torch==2.5.1, but you have torch 2.2.2 which is incompatible.
vllm 0.6.4.post1 requires torchvision==0.20.1, but you have torchvision 0.17.2 which is incompatible.
less 0.1 requires transformers==4.36.2, but you have transformers 4.46.3 which is incompatible.
Successfully installed nvidia-nccl-cu12-2.19.3 torch-2.3.1 torchvision-0.17.2 triton-2.2.0

[notice] A new release of pip is available: 23.1.2 -> 24.3.1
[notice] To update, run: pip install --upgrade pip
[2024-11-28 17:17:23,389] [INFO] [real_accelerator.py:203:get_accelerator] Setting ds_accelerator to cuda (auto detect)
Traceback (most recent call last):
  File "/home/scur2847/.local/lib/python3.11/site-packages/transformers/utils/import_utils.py", line 1778, in _get_module
    return importlib.import_module("." + module_name, self.__name__)
           ^^^^^^^^^^^^^^^^^^^^^^^^^^^^^^^^^^^^^^^^^^^^^^^^^^^^^^^^^
  File "/sw/arch/RHEL8/EB_production/2023/software/Python/3.11.3-GCCcore-12.3.0/lib/python3.11/importlib/__init__.py", line 126, in import_module
    return _bootstrap._gcd_import(name[level:], package, level)
           ^^^^^^^^^^^^^^^^^^^^^^^^^^^^^^^^^^^^^^^^^^^^^^^^^^^^
  File "<frozen importlib._bootstrap>", line 1206, in _gcd_import
  File "<frozen importlib._bootstrap>", line 1178, in _find_and_load
  File "<frozen importlib._bootstrap>", line 1149, in _find_and_load_unlocked
  File "<frozen importlib._bootstrap>", line 690, in _load_unlocked
  File "<frozen importlib._bootstrap_external>", line 940, in exec_module
  File "<frozen importlib._bootstrap>", line 241, in _call_with_frames_removed
  File "/home/scur2847/.local/lib/python3.11/site-packages/transformers/modeling_utils.py", line 48, in <module>
    from .loss.loss_utils import LOSS_MAPPING
  File "/home/scur2847/.local/lib/python3.11/site-packages/transformers/loss/loss_utils.py", line 19, in <module>
    from .loss_deformable_detr import DeformableDetrForObjectDetectionLoss, DeformableDetrForSegmentationLoss
  File "/home/scur2847/.local/lib/python3.11/site-packages/transformers/loss/loss_deformable_detr.py", line 4, in <module>
    from ..image_transforms import center_to_corners_format
  File "/home/scur2847/.local/lib/python3.11/site-packages/transformers/image_transforms.py", line 22, in <module>
    from .image_utils import (
  File "/home/scur2847/.local/lib/python3.11/site-packages/transformers/image_utils.py", line 58, in <module>
    from torchvision.transforms import InterpolationMode
  File "/home/scur2847/.local/lib/python3.11/site-packages/torchvision/__init__.py", line 6, in <module>
    from torchvision import _meta_registrations, datasets, io, models, ops, transforms, utils
  File "/home/scur2847/.local/lib/python3.11/site-packages/torchvision/_meta_registrations.py", line 25, in <module>
    @register_meta("roi_align")
     ^^^^^^^^^^^^^^^^^^^^^^^^^^
  File "/home/scur2847/.local/lib/python3.11/site-packages/torchvision/_meta_registrations.py", line 18, in wrapper
    if torchvision.extension._has_ops():
       ^^^^^^^^^^^^^^^^^^^^^
AttributeError: partially initialized module 'torchvision' has no attribute 'extension' (most likely due to a circular import)

The above exception was the direct cause of the following exception:

Traceback (most recent call last):
  File "<frozen runpy>", line 198, in _run_module_as_main
  File "<frozen runpy>", line 88, in _run_code
  File "/gpfs/home1/scur2847/ir2-less-data/evaluation/eval/mmlu/run_eval.py", line 12, in <module>
    from eval.utils import (dynamic_import_function, get_next_word_predictions,
  File "/gpfs/home1/scur2847/ir2-less-data/evaluation/eval/utils.py", line 10, in <module>
    from open_instruct.finetune import encode_with_prompt_completion_format
  File "/gpfs/home1/scur2847/open-instruct/open_instruct/finetune.py", line 38, in <module>
    from peft import LoraConfig, TaskType, get_peft_model, prepare_model_for_kbit_training
  File "/home/scur2847/.local/lib/python3.11/site-packages/peft/__init__.py", line 22, in <module>
    from .auto import (
  File "/home/scur2847/.local/lib/python3.11/site-packages/peft/auto.py", line 31, in <module>
    from .mapping import MODEL_TYPE_TO_PEFT_MODEL_MAPPING
  File "/home/scur2847/.local/lib/python3.11/site-packages/peft/mapping.py", line 23, in <module>
    from .mixed_model import PeftMixedModel
  File "/home/scur2847/.local/lib/python3.11/site-packages/peft/mixed_model.py", line 30, in <module>
    from .peft_model import PeftModel
  File "/home/scur2847/.local/lib/python3.11/site-packages/peft/peft_model.py", line 35, in <module>
    from transformers import PreTrainedModel
  File "<frozen importlib._bootstrap>", line 1231, in _handle_fromlist
  File "/home/scur2847/.local/lib/python3.11/site-packages/transformers/utils/import_utils.py", line 1766, in __getattr__
    module = self._get_module(self._class_to_module[name])
             ^^^^^^^^^^^^^^^^^^^^^^^^^^^^^^^^^^^^^^^^^^^^^
  File "/home/scur2847/.local/lib/python3.11/site-packages/transformers/utils/import_utils.py", line 1780, in _get_module
    raise RuntimeError(
RuntimeError: Failed to import transformers.modeling_utils because of the following error (look up to see its traceback):
partially initialized module 'torchvision' has no attribute 'extension' (most likely due to a circular import)
MMLU Evaluation Result: 50.1566728386269800%

JOB STATISTICS
==============
Job ID: 8806764
Cluster: snellius
User/Group: scur2847/scur2847
State: COMPLETED (exit code 0)
Nodes: 1
Cores per node: 16
CPU Utilized: 00:01:03
CPU Efficiency: 4.06% of 00:25:52 core-walltime
Job Wall-clock time: 00:01:37
Memory Utilized: 92.72 MB
Memory Efficiency: 0.05% of 180.00 GB
